Using pre-set license
Built from '2020.3/staging' branch; Version is '2020.3.26f1 (7298b473bc1a) revision 7510196'; Using compiler version '192528614'; Build Type 'Release'
OS: 'Windows 10  (10.0.19042) 64bit Enterprise' Language: 'en' Physical Memory: 32695 MB
BatchMode: 1, IsHumanControllingUs: 0, StartBugReporterOnCrash: 0, Is64bit: 1, IsPro: 0

COMMAND LINE ARGUMENTS:
C:\Program Files\Unity\Hub\Editor\2020.3.26f1\Editor\Unity.exe
-adb2
-batchMode
-noUpm
-name
AssetImportWorker1
-projectPath
C:/Users/edelhagen/Documents/GitHubRepos/Covid-Reflection-URP
-logFile
Logs/AssetImportWorker1.log
-srvPort
61780
Successfully changed project path to: C:/Users/edelhagen/Documents/GitHubRepos/Covid-Reflection-URP
C:/Users/edelhagen/Documents/GitHubRepos/Covid-Reflection-URP
Using Asset Import Pipeline V2.
Refreshing native plugins compatible for Editor in 110.32 ms, found 7 plugins.
Preloading 0 native plugins for Editor in 0.00 ms.
Initialize engine version: 2020.3.26f1 (7298b473bc1a)
[Subsystems] Discovering subsystems at path C:/Program Files/Unity/Hub/Editor/2020.3.26f1/Editor/Data/Resources/UnitySubsystems
[Subsystems] Discovering subsystems at path C:/Users/edelhagen/Documents/GitHubRepos/Covid-Reflection-URP/Assets
GfxDevice: creating device client; threaded=0
Direct3D:
    Version:  Direct3D 11.0 [level 11.1]
    Renderer: NVIDIA GeForce RTX 2080 Ti (ID=0x1e07)
    Vendor:   
    VRAM:     11049 MB
    Driver:   30.0.14.9649
Initialize mono
Mono path[0] = 'C:/Program Files/Unity/Hub/Editor/2020.3.26f1/Editor/Data/Managed'
Mono path[1] = 'C:/Program Files/Unity/Hub/Editor/2020.3.26f1/Editor/Data/MonoBleedingEdge/lib/mono/unityjit'
Mono config path = 'C:/Program Files/Unity/Hub/Editor/2020.3.26f1/Editor/Data/MonoBleedingEdge/etc'
Using monoOptions --debugger-agent=transport=dt_socket,embedding=1,server=y,suspend=n,address=127.0.0.1:56712
Begin MonoManager ReloadAssembly
Registering precompiled unity dll's ...
Register platform support module: C:/Program Files/Unity/Hub/Editor/2020.3.26f1/Editor/Data/PlaybackEngines/WindowsStandaloneSupport/UnityEditor.WindowsStandalone.Extensions.dll
Registered in 0.001787 seconds.
Native extension for WindowsStandalone target not found
Refreshing native plugins compatible for Editor in 96.81 ms, found 7 plugins.
Preloading 0 native plugins for Editor in 0.00 ms.
Mono: successfully reloaded assembly
- Completed reload, in  0.530 seconds
Domain Reload Profiling:
	ReloadAssembly (530ms)
		BeginReloadAssembly (45ms)
			ExecutionOrderSort (0ms)
			DisableScriptedObjects (0ms)
			BackupInstance (0ms)
			ReleaseScriptingObjects (0ms)
			CreateAndSetChildDomain (1ms)
		EndReloadAssembly (418ms)
			LoadAssemblies (43ms)
			RebuildTransferFunctionScriptingTraits (0ms)
			SetupTypeCache (119ms)
			ReleaseScriptCaches (0ms)
			RebuildScriptCaches (25ms)
			SetupLoadedEditorAssemblies (193ms)
				LogAssemblyErrors (0ms)
				InitializePlatformSupportModulesInManaged (3ms)
				SetLoadedEditorAssemblies (0ms)
				RefreshPlugins (97ms)
				BeforeProcessingInitializeOnLoad (6ms)
				ProcessInitializeOnLoadAttributes (64ms)
				ProcessInitializeOnLoadMethodAttributes (22ms)
				AfterProcessingInitializeOnLoad (0ms)
				EditorAssembliesLoaded (0ms)
			ExecutionOrderSort2 (0ms)
			AwakeInstancesAfterBackupRestoration (0ms)
Platform modules already initialized, skipping
Registering precompiled user dll's ...
Registered in 0.008856 seconds.
Begin MonoManager ReloadAssembly
Native extension for WindowsStandalone target not found
Refreshing native plugins compatible for Editor in 102.21 ms, found 7 plugins.
Preloading 0 native plugins for Editor in 0.00 ms.
Mono: successfully reloaded assembly
Fallback handler could not load library C:/Program Files/Unity/Hub/Editor/2020.3.26f1/Editor/Data/Mono/lib/libdl
Fallback handler could not load library C:/Program Files/Unity/Hub/Editor/2020.3.26f1/Editor/Data/Mono/lib/libdl.dll
Fallback handler could not load library C:/Program Files/Unity/Hub/Editor/2020.3.26f1/Editor/Data/Mono/lib/libdl
Fallback handler could not load library C:/Program Files/Unity/Hub/Editor/2020.3.26f1/Editor/Data/Mono/lib/libdl
Fallback handler could not load library C:/Program Files/Unity/Hub/Editor/2020.3.26f1/Editor/Data/Mono/lib/libdl.dll
Fallback handler could not load library C:/Program Files/Unity/Hub/Editor/2020.3.26f1/Editor/Data/Mono/lib/libdl
- Completed reload, in  3.965 seconds
Domain Reload Profiling:
	ReloadAssembly (3969ms)
		BeginReloadAssembly (116ms)
			ExecutionOrderSort (0ms)
			DisableScriptedObjects (4ms)
			BackupInstance (0ms)
			ReleaseScriptingObjects (0ms)
			CreateAndSetChildDomain (17ms)
		EndReloadAssembly (3795ms)
			LoadAssemblies (91ms)
			RebuildTransferFunctionScriptingTraits (0ms)
			SetupTypeCache (331ms)
			ReleaseScriptCaches (1ms)
			RebuildScriptCaches (68ms)
			SetupLoadedEditorAssemblies (3020ms)
				LogAssemblyErrors (0ms)
				InitializePlatformSupportModulesInManaged (3ms)
				SetLoadedEditorAssemblies (0ms)
				RefreshPlugins (102ms)
				BeforeProcessingInitializeOnLoad (137ms)
				ProcessInitializeOnLoadAttributes (2256ms)
				ProcessInitializeOnLoadMethodAttributes (515ms)
				AfterProcessingInitializeOnLoad (6ms)
				EditorAssembliesLoaded (0ms)
			ExecutionOrderSort2 (0ms)
			AwakeInstancesAfterBackupRestoration (5ms)
Platform modules already initialized, skipping
========================================================================
Worker process is ready to serve import requests
Launched and connected shader compiler UnityShaderCompiler.exe after 0.07 seconds
Refreshing native plugins compatible for Editor in 2.19 ms, found 7 plugins.
Preloading 0 native plugins for Editor in 0.00 ms.
Unloading 5646 Unused Serialized files (Serialized files now loaded: 0)
System memory in use before: 228.9 MB.
System memory in use after: 227.9 MB.

Unloading 81 unused Assets to reduce memory usage. Loaded Objects now: 6047.
Total: 15.447400 ms (FindLiveObjects: 0.557000 ms CreateObjectMapping: 0.172000 ms MarkObjects: 13.784600 ms  DeleteObjects: 0.932100 ms)

AssetImportParameters requested are different than current active one (requested -> active):
  custom:framework-win-MediaFoundation: 216162199b28c13a410421893ffa2e32 -> 
  custom:video-decoder-ogg-theora: a1e56fd34408186e4bbccfd4996cb3dc -> 
  custom:container-muxer-webm: aa71ff27fc2769a1b78a27578f13a17b -> 
  custom:container-demuxer-webm: 4f35f7cbe854078d1ac9338744f61a02 -> 
  custom:container-demuxer-ogg: 62fdf1f143b41e24485cea50d1cbac27 -> 
  custom:video-encoder-webm-vp8: eb34c28f22e8b96e1ab97ce403110664 -> 
  custom:video-codec-MediaFoundation-h265: 746d11721c4dcdbdad8f713fa42b33f4 -> 
  custom:video-decoder-webm-vp8: 9c59270c3fd7afecdb556c50c9e8de78 -> 
  custom:audio-decoder-ogg-vorbis: bf7c407c2cedff20999df2af8eb42d56 -> 
  custom:audio-encoder-webm-vorbis: bf7c407c2cedff20999df2af8eb42d56 -> 
========================================================================
Received Import Request.
  path: Assets/EricaVFX
  artifactKey: Guid(96301ac93e0536b43a3c5ce60de82de9) Importer(815301076,1909f56bfc062723c751e8b465ee728b)
Start importing Assets/EricaVFX using Guid(96301ac93e0536b43a3c5ce60de82de9) Importer(815301076,1909f56bfc062723c751e8b465ee728b)  -> (artifact id: '53f322fd6d99866aad05deacad5d21d9') in 0.012879 seconds 
  Import took 0.021500 seconds .

========================================================================
Received Import Request.
  Time since last request: 23.540411 seconds.
  path: Assets/EricaVFX/Orb.vfx
  artifactKey: Guid(9885baa6161e6454d96c1a4b8dc8bb95) Importer(815301076,1909f56bfc062723c751e8b465ee728b)
Start importing Assets/EricaVFX/Orb.vfx using Guid(9885baa6161e6454d96c1a4b8dc8bb95) Importer(815301076,1909f56bfc062723c751e8b465ee728b)  -> (artifact id: 'b79dc4676038a56d3c6f71e8e44befb6') in 0.029926 seconds 
  Import took 0.038745 seconds .

========================================================================
Received Import Request.
  Time since last request: 0.000187 seconds.
  path: Assets/EricaVFX/OriginalOrb.vfx
  artifactKey: Guid(6f10c1b331540ed48afd31e5fff130bb) Importer(815301076,1909f56bfc062723c751e8b465ee728b)
Start importing Assets/EricaVFX/OriginalOrb.vfx using Guid(6f10c1b331540ed48afd31e5fff130bb) Importer(815301076,1909f56bfc062723c751e8b465ee728b)  -> (artifact id: 'e32f90d8189e60321763ec9a340b9bb1') in 0.005582 seconds 
  Import took 0.012497 seconds .

========================================================================
Received Prepare
Registering precompiled user dll's ...
Registered in 0.009852 seconds.
Begin MonoManager ReloadAssembly
Fallback handler could not load library C:/Program Files/Unity/Hub/Editor/2020.3.26f1/Editor/Data/Mono/lib/libdl
Fallback handler could not load library C:/Program Files/Unity/Hub/Editor/2020.3.26f1/Editor/Data/Mono/lib/libdl.dll
Fallback handler could not load library C:/Program Files/Unity/Hub/Editor/2020.3.26f1/Editor/Data/Mono/lib/libdl
Native extension for WindowsStandalone target not found
Refreshing native plugins compatible for Editor in 106.19 ms, found 7 plugins.
Preloading 0 native plugins for Editor in 0.00 ms.
Mono: successfully reloaded assembly
Fallback handler could not load library C:/Program Files/Unity/Hub/Editor/2020.3.26f1/Editor/Data/Mono/lib/libdl
Fallback handler could not load library C:/Program Files/Unity/Hub/Editor/2020.3.26f1/Editor/Data/Mono/lib/libdl.dll
Fallback handler could not load library C:/Program Files/Unity/Hub/Editor/2020.3.26f1/Editor/Data/Mono/lib/libdl
Fallback handler could not load library C:/Program Files/Unity/Hub/Editor/2020.3.26f1/Editor/Data/Mono/lib/libdl
Fallback handler could not load library C:/Program Files/Unity/Hub/Editor/2020.3.26f1/Editor/Data/Mono/lib/libdl.dll
Fallback handler could not load library C:/Program Files/Unity/Hub/Editor/2020.3.26f1/Editor/Data/Mono/lib/libdl
- Completed reload, in  2.066 seconds
Domain Reload Profiling:
	ReloadAssembly (2067ms)
		BeginReloadAssembly (168ms)
			ExecutionOrderSort (0ms)
			DisableScriptedObjects (4ms)
			BackupInstance (0ms)
			ReleaseScriptingObjects (0ms)
			CreateAndSetChildDomain (46ms)
		EndReloadAssembly (1845ms)
			LoadAssemblies (92ms)
			RebuildTransferFunctionScriptingTraits (0ms)
			SetupTypeCache (349ms)
			ReleaseScriptCaches (2ms)
			RebuildScriptCaches (45ms)
			SetupLoadedEditorAssemblies (1207ms)
				LogAssemblyErrors (0ms)
				InitializePlatformSupportModulesInManaged (3ms)
				SetLoadedEditorAssemblies (0ms)
				RefreshPlugins (106ms)
				BeforeProcessingInitializeOnLoad (101ms)
				ProcessInitializeOnLoadAttributes (932ms)
				ProcessInitializeOnLoadMethodAttributes (58ms)
				AfterProcessingInitializeOnLoad (6ms)
				EditorAssembliesLoaded (0ms)
			ExecutionOrderSort2 (0ms)
			AwakeInstancesAfterBackupRestoration (9ms)
Platform modules already initialized, skipping
Refreshing native plugins compatible for Editor in 1.92 ms, found 7 plugins.
Preloading 0 native plugins for Editor in 0.00 ms.
Unloading 6015 Unused Serialized files (Serialized files now loaded: 0)
System memory in use before: 236.8 MB.
System memory in use after: 235.7 MB.

Unloading 79 unused Assets to reduce memory usage. Loaded Objects now: 6570.
Total: 18.468000 ms (FindLiveObjects: 0.600000 ms CreateObjectMapping: 0.164900 ms MarkObjects: 16.882700 ms  DeleteObjects: 0.819000 ms)

AssetImportParameters requested are different than current active one (requested -> active):
  custom:framework-win-MediaFoundation: 216162199b28c13a410421893ffa2e32 -> 
  custom:video-decoder-ogg-theora: a1e56fd34408186e4bbccfd4996cb3dc -> 
  custom:container-muxer-webm: aa71ff27fc2769a1b78a27578f13a17b -> 
  custom:container-demuxer-webm: 4f35f7cbe854078d1ac9338744f61a02 -> 
  custom:container-demuxer-ogg: 62fdf1f143b41e24485cea50d1cbac27 -> 
  custom:video-encoder-webm-vp8: eb34c28f22e8b96e1ab97ce403110664 -> 
  custom:video-codec-MediaFoundation-h265: 746d11721c4dcdbdad8f713fa42b33f4 -> 
  custom:video-decoder-webm-vp8: 9c59270c3fd7afecdb556c50c9e8de78 -> 
  custom:audio-decoder-ogg-vorbis: bf7c407c2cedff20999df2af8eb42d56 -> 
  custom:audio-encoder-webm-vorbis: bf7c407c2cedff20999df2af8eb42d56 -> 
========================================================================
Received Import Request.
  Time since last request: 111.504807 seconds.
  path: Assets/EricaVFX/Orb.vfx
  artifactKey: Guid(9885baa6161e6454d96c1a4b8dc8bb95) Importer(815301076,1909f56bfc062723c751e8b465ee728b)
Start importing Assets/EricaVFX/Orb.vfx using Guid(9885baa6161e6454d96c1a4b8dc8bb95) Importer(815301076,1909f56bfc062723c751e8b465ee728b)  -> (artifact id: 'c9f62b7818f3600e27038ec34ca54c56') in 0.029788 seconds 
  Import took 0.039599 seconds .

========================================================================
Received Import Request.
  Time since last request: 0.000233 seconds.
  path: Assets/EricaVFX/OriginalOrb.vfx
  artifactKey: Guid(6f10c1b331540ed48afd31e5fff130bb) Importer(815301076,1909f56bfc062723c751e8b465ee728b)
Start importing Assets/EricaVFX/OriginalOrb.vfx using Guid(6f10c1b331540ed48afd31e5fff130bb) Importer(815301076,1909f56bfc062723c751e8b465ee728b)  -> (artifact id: '8c03ec3bce4e26a0e71c6b44c0c92305') in 0.007928 seconds 
  Import took 0.016234 seconds .

========================================================================
Received Import Request.
  Time since last request: 16.335172 seconds.
  path: Assets/EricaVFX/Orb.vfx
  artifactKey: Guid(9885baa6161e6454d96c1a4b8dc8bb95) Importer(815301076,1909f56bfc062723c751e8b465ee728b)
Start importing Assets/EricaVFX/Orb.vfx using Guid(9885baa6161e6454d96c1a4b8dc8bb95) Importer(815301076,1909f56bfc062723c751e8b465ee728b)  -> (artifact id: 'd08c3bae997444c5e90a81d9f7ce2338') in 0.005574 seconds 
  Import took 0.014870 seconds .

========================================================================
Received Import Request.
  Time since last request: 8.323206 seconds.
  path: Assets/EricaVFX/Orb.vfx
  artifactKey: Guid(9885baa6161e6454d96c1a4b8dc8bb95) Importer(815301076,1909f56bfc062723c751e8b465ee728b)
Start importing Assets/EricaVFX/Orb.vfx using Guid(9885baa6161e6454d96c1a4b8dc8bb95) Importer(815301076,1909f56bfc062723c751e8b465ee728b)  -> (artifact id: '7ff2b414f3ce330af7497bb37069d337') in 0.005414 seconds 
  Import took 0.016366 seconds .

========================================================================
Received Import Request.
  Time since last request: 2.058240 seconds.
  path: Assets/EricaVFX/OriginalOrb.vfx
  artifactKey: Guid(6f10c1b331540ed48afd31e5fff130bb) Importer(815301076,1909f56bfc062723c751e8b465ee728b)
Start importing Assets/EricaVFX/OriginalOrb.vfx using Guid(6f10c1b331540ed48afd31e5fff130bb) Importer(815301076,1909f56bfc062723c751e8b465ee728b)  -> (artifact id: '53924f236d81df57620811943b37c89a') in 0.004800 seconds 
  Import took 0.013744 seconds .

========================================================================
Received Import Request.
  Time since last request: 5.633878 seconds.
  path: Assets/EricaVFX/OriginalOrb.vfx
  artifactKey: Guid(6f10c1b331540ed48afd31e5fff130bb) Importer(815301076,1909f56bfc062723c751e8b465ee728b)
Start importing Assets/EricaVFX/OriginalOrb.vfx using Guid(6f10c1b331540ed48afd31e5fff130bb) Importer(815301076,1909f56bfc062723c751e8b465ee728b)  -> (artifact id: '0012fe5aadec85d445e7bd77452120eb') in 0.005371 seconds 
  Import took 0.014311 seconds .

========================================================================
Received Import Request.
  Time since last request: 544.755153 seconds.
  path: Assets/EricaVFX/OriginalOrb.vfx
  artifactKey: Guid(6f10c1b331540ed48afd31e5fff130bb) Importer(815301076,1909f56bfc062723c751e8b465ee728b)
Start importing Assets/EricaVFX/OriginalOrb.vfx using Guid(6f10c1b331540ed48afd31e5fff130bb) Importer(815301076,1909f56bfc062723c751e8b465ee728b)  -> (artifact id: '577dcf262be5bb6b7aa7ba6439f3636a') in 0.008559 seconds 
  Import took 0.018088 seconds .

AssetImportWorkerClient::OnTransportError - code=2 error=End of file
